[2026-05-05 10:54:54] info: 	z2m: Logging to console, file (filename: log.log)
[2026-05-05 10:54:55] info: 	z2m: Starting Zigbee2MQTT version 1.42.0 (commit #861cba6)
[2026-05-05 10:54:55] info: 	z2m: Starting zigbee-herdsman (2.1.9)
[2026-05-05 10:55:08] warning: 	zh:ezsp: 'ezsp' driver is deprecated and will only remain to provide support for older firmware (pre 7.4.x). Migration to 'ember' is recommended. If using Zigbee2MQTT see https://github.com/Koenkk/zigbee2mqtt/discussions/21462
[2026-05-05 10:55:18] error: 	zh:ezsp:uart: --> Error: Error: {"sequence":-1} after 10000ms
[2026-05-05 10:55:18] error: 	zh:ezsp:ezsp: Connection attempt 1 error: Error: Failure to connect
[2026-05-05 10:55:33] error: 	zh:ezsp:uart: --> Error: Error: {"sequence":-1} after 10000ms
[2026-05-05 10:55:33] error: 	zh:ezsp:ezsp: Connection attempt 2 error: Error: Failure to connect
[2026-05-05 10:55:53] error: 	zh:ezsp:uart: --> Error: Error: {"sequence":-1} after 10000ms
[2026-05-05 10:55:53] error: 	zh:ezsp:ezsp: Connection attempt 3 error: Error: Failure to connect
[2026-05-05 10:56:17] error: 	z2m: Failed to call 'Frontend' 'stop' (TypeError: Cannot read properties of undefined (reading 'close')
    at /home/hemlarm/zigbee2mqtt/lib/extension/frontend.ts:126:52
    at new Promise (<anonymous>)
    at Frontend.stop (/home/hemlarm/zigbee2mqtt/lib/extension/frontend.ts:126:15)
    at Controller.callExtensions (/home/hemlarm/zigbee2mqtt/lib/controller.ts:399:17)
    at Controller.stop (/home/hemlarm/zigbee2mqtt/lib/controller.ts:265:9)
    at stop (/home/hemlarm/zigbee2mqtt/index.js:165:5)
    at process.handleQuit (/home/hemlarm/zigbee2mqtt/index.js:173:13))
[2026-05-05 10:56:18] error: 	z2m: Not connected to MQTT server!
[2026-05-05 10:56:18] error: 	z2m: Cannot send message: topic: 'zigbee2mqtt/bridge/state', payload: 'offline
[2026-05-05 10:56:18] info: 	z2m: Disconnecting from MQTT server
[2026-05-05 10:56:18] info: 	z2m: Stopping zigbee-herdsman...
[2026-05-05 10:56:18] info: 	z2m: Stopped zigbee-herdsman
[2026-05-05 10:56:18] info: 	z2m: Stopped Zigbee2MQTT
