[2026-05-05 11:59:10] info: 	z2m: Logging to console, file (filename: log.log)
[2026-05-05 11:59:11] info: 	z2m: Starting Zigbee2MQTT version 1.42.0 (commit #861cba6)
[2026-05-05 11:59:11] info: 	z2m: Starting zigbee-herdsman (2.1.9)
[2026-05-05 11:59:20] warning: 	zh:ezsp: 'ezsp' driver is deprecated and will only remain to provide support for older firmware (pre 7.4.x). Migration to 'ember' is recommended. If using Zigbee2MQTT see https://github.com/Koenkk/zigbee2mqtt/discussions/21462
[2026-05-05 11:59:28] info: 	z2m: zigbee-herdsman started (resumed)
[2026-05-05 11:59:28] info: 	z2m: Coordinator firmware version: '{"meta":{"maintrel":"3 ","majorrel":"6","minorrel":"10","product":8,"revision":"6.10.3.0 build 297"},"type":"EZSP v8"}'
[2026-05-05 11:59:28] info: 	z2m: front_door (0x449fdafffe750fcf): SNZB-04P - SONOFF Contact sensor (EndDevice)
[2026-05-05 11:59:28] info: 	z2m: Currently 1 devices are joined.
[2026-05-05 11:59:28] warning: 	z2m: `permit_join` set to  `true` in configuration.yaml.
[2026-05-05 11:59:28] warning: 	z2m: Allowing new devices to join.
[2026-05-05 11:59:28] warning: 	z2m: Set `permit_join` to `false` once you joined all devices.
[2026-05-05 11:59:28] info: 	z2m: Zigbee: allowing new devices to join.
[2026-05-05 11:59:29] info: 	z2m: Connecting to MQTT server at mqtt://localhost:1883
[2026-05-05 11:59:36] info: 	z2m: Connected to MQTT server
[2026-05-05 11:59:36] info: 	z2m:mqtt: MQTT publish: topic 'zigbee2mqtt/bridge/state', payload 'online'
[2026-05-05 11:59:38] info: 	z2m: Started frontend on port 0.0.0.0:8080
[2026-05-05 11:59:39] info: 	z2m:mqtt: MQTT publish: topic 'zigbee2mqtt/bridge/config', payload '{"commit":"861cba6","coordinator":{"meta":{"maintrel":"3 ","majorrel":"6","minorrel":"10","product":8,"revision":"6.10.3.0 build 297"},"type":"EZSP v8"},"log_level":"info","network":{"channel":11,"extendedPanID":221,"panID":6754},"permit_join":true,"version":"1.42.0"}'
[2026-05-05 11:59:39] info: 	z2m:mqtt: MQTT publish: topic 'zigbee2mqtt/front_door', payload '{"battery":100,"battery_low":false,"contact":true,"voltage":3100}'
[2026-05-05 11:59:39] info: 	z2m: Zigbee2MQTT started!
[2026-05-05 12:07:53] warning: 	z2m: Device 'front_door' left the network
[2026-05-05 12:07:53] info: 	z2m:mqtt: MQTT publish: topic 'zigbee2mqtt/bridge/log', payload '{"message":"left_network","meta":{"friendly_name":"0x449fdafffe750fcf"},"type":"device_removed"}'
[2026-05-05 12:07:54] info: 	z2m:mqtt: MQTT publish: topic 'zigbee2mqtt/bridge/event', payload '{"data":{"friendly_name":"front_door","ieee_address":"0x449fdafffe750fcf"},"type":"device_leave"}'
[2026-05-05 12:08:00] info: 	zh:controller: Interview for '0x449fdafffe750fcf' started
[2026-05-05 12:08:00] info: 	z2m: Device 'front_door' joined
[2026-05-05 12:08:00] info: 	z2m:mqtt: MQTT publish: topic 'zigbee2mqtt/bridge/log', payload '{"message":{"friendly_name":"front_door"},"type":"device_connected"}'
[2026-05-05 12:08:00] info: 	z2m: Starting interview of 'front_door'
[2026-05-05 12:08:01] info: 	z2m:mqtt: MQTT publish: topic 'zigbee2mqtt/bridge/log', payload '{"message":"interview_started","meta":{"friendly_name":"front_door"},"type":"pairing"}'
[2026-05-05 12:08:01] info: 	z2m:mqtt: MQTT publish: topic 'zigbee2mqtt/bridge/event', payload '{"data":{"friendly_name":"front_door","ieee_address":"0x449fdafffe750fcf"},"type":"device_joined"}'
[2026-05-05 12:08:01] info: 	z2m:mqtt: MQTT publish: topic 'zigbee2mqtt/bridge/event', payload '{"data":{"friendly_name":"front_door","ieee_address":"0x449fdafffe750fcf","status":"started"},"type":"device_interview"}'
[2026-05-05 12:08:04] info: 	zh:controller: Succesfully interviewed '0x449fdafffe750fcf'
[2026-05-05 12:08:04] info: 	z2m: Successfully interviewed 'front_door', device has successfully been paired
[2026-05-05 12:08:04] info: 	z2m: Device 'front_door' is supported, identified as: SONOFF Contact sensor (SNZB-04P)
[2026-05-05 12:08:05] info: 	z2m: Configuring 'front_door'
[2026-05-05 12:08:05] info: 	z2m:mqtt: MQTT publish: topic 'zigbee2mqtt/bridge/log', payload '{"message":"interview_successful","meta":{"description":"Contact sensor","friendly_name":"front_door","model":"SNZB-04P","supported":true,"vendor":"SONOFF"},"type":"pairing"}'
[2026-05-05 12:08:05] info: 	z2m:mqtt: MQTT publish: topic 'zigbee2mqtt/bridge/event', payload '{"data":{"definition":{"description":"Contact sensor","exposes":[{"access":1,"description":"Indicates whether the device is opened or closed","label":"Contact","name":"contact","property":"contact","type":"binary","value_off":true,"value_on":false},{"access":1,"category":"diagnostic","description":"Indicates whether the battery of the device is almost empty","label":"Battery low","name":"battery_low","property":"battery_low","type":"binary","value_off":false,"value_on":true},{"access":5,"description":"Tamper-proof status","label":"Tamper","name":"tamper","property":"tamper","type":"binary","value_off":false,"value_on":true},{"access":5,"category":"diagnostic","description":"Remaining battery in %","label":"Battery","name":"battery","property":"battery","type":"numeric","unit":"%","value_max":100,"value_min":0},{"access":5,"category":"diagnostic","description":"Reported battery voltage in millivolts","label":"Voltage","name":"voltage","property":"voltage","type":"numeric","unit":"mV"},{"access":1,"category":"diagnostic","description":"Link quality (signal strength)","label":"Linkquality","name":"linkquality","property":"linkquality","type":"numeric","unit":"lqi","value_max":255,"value_min":0}],"model":"SNZB-04P","options":[],"supports_ota":true,"vendor":"SONOFF"},"friendly_name":"front_door","ieee_address":"0x449fdafffe750fcf","status":"successful","supported":true},"type":"device_interview"}'
[2026-05-05 12:08:05] info: 	z2m:mqtt: MQTT publish: topic 'zigbee2mqtt/front_door', payload '{"battery":100,"battery_low":false,"contact":true,"linkquality":255,"voltage":3100}'
[2026-05-05 12:08:06] info: 	z2m:mqtt: MQTT publish: topic 'zigbee2mqtt/front_door', payload '{"battery":100,"battery_low":false,"contact":true,"linkquality":255,"voltage":3000}'
[2026-05-05 12:08:06] info: 	z2m: Successfully configured 'front_door'
[2026-05-05 12:08:23] info: 	z2m:mqtt: MQTT publish: topic 'zigbee2mqtt/front_door', payload '{"battery":100,"battery_low":false,"contact":true,"linkquality":252,"update":{"installed_version":8704,"latest_version":8704,"state":"idle"},"update_available":false,"voltage":3000}'
[2026-05-05 12:08:24] info: 	z2m:mqtt: MQTT publish: topic 'zigbee2mqtt/front_door', payload '{"battery":100,"battery_low":false,"contact":true,"linkquality":244,"update":{"installed_version":8704,"latest_version":8704,"state":"idle"},"update_available":false,"voltage":3000}'
[2026-05-05 12:08:24] info: 	z2m:mqtt: MQTT publish: topic 'zigbee2mqtt/front_door', payload '{"battery":100,"battery_low":false,"contact":false,"linkquality":232,"update":{"installed_version":8704,"latest_version":8704,"state":"idle"},"update_available":false,"voltage":3000}'
[2026-05-05 12:08:26] info: 	z2m:mqtt: MQTT publish: topic 'zigbee2mqtt/front_door', payload '{"battery":100,"battery_low":false,"contact":true,"linkquality":232,"update":{"installed_version":8704,"latest_version":8704,"state":"idle"},"update_available":false,"voltage":3000}'
[2026-05-05 12:08:28] info: 	z2m:mqtt: MQTT publish: topic 'zigbee2mqtt/front_door', payload '{"battery":100,"battery_low":false,"contact":false,"linkquality":240,"update":{"installed_version":8704,"latest_version":8704,"state":"idle"},"update_available":false,"voltage":3000}'
[2026-05-05 12:08:29] info: 	z2m:mqtt: MQTT publish: topic 'zigbee2mqtt/front_door', payload '{"battery":100,"battery_low":false,"contact":true,"linkquality":236,"update":{"installed_version":8704,"latest_version":8704,"state":"idle"},"update_available":false,"voltage":3000}'
[2026-05-05 12:08:35] info: 	z2m:mqtt: MQTT publish: topic 'zigbee2mqtt/front_door', payload '{"battery":100,"battery_low":false,"contact":false,"linkquality":232,"update":{"installed_version":8704,"latest_version":8704,"state":"idle"},"update_available":false,"voltage":3000}'
[2026-05-05 12:08:37] info: 	z2m:mqtt: MQTT publish: topic 'zigbee2mqtt/front_door', payload '{"battery":100,"battery_low":false,"contact":true,"linkquality":208,"update":{"installed_version":8704,"latest_version":8704,"state":"idle"},"update_available":false,"voltage":3000}'
[2026-05-05 12:09:35] info: 	z2m:mqtt: MQTT publish: topic 'zigbee2mqtt/front_door', payload '{"battery":100,"battery_low":false,"contact":false,"linkquality":255,"update":{"installed_version":8704,"latest_version":8704,"state":"idle"},"update_available":false,"voltage":3000}'
[2026-05-05 12:09:36] info: 	z2m:mqtt: MQTT publish: topic 'zigbee2mqtt/front_door', payload '{"battery":100,"battery_low":false,"contact":true,"linkquality":255,"update":{"installed_version":8704,"latest_version":8704,"state":"idle"},"update_available":false,"voltage":3000}'
[2026-05-05 12:09:47] info: 	z2m:mqtt: MQTT publish: topic 'zigbee2mqtt/front_door', payload '{"battery":100,"battery_low":false,"contact":false,"linkquality":255,"update":{"installed_version":8704,"latest_version":8704,"state":"idle"},"update_available":false,"voltage":3000}'
[2026-05-05 12:09:49] info: 	z2m:mqtt: MQTT publish: topic 'zigbee2mqtt/front_door', payload '{"battery":100,"battery_low":false,"contact":true,"linkquality":255,"update":{"installed_version":8704,"latest_version":8704,"state":"idle"},"update_available":false,"voltage":3000}'
[2026-05-05 12:09:54] info: 	z2m:mqtt: MQTT publish: topic 'zigbee2mqtt/front_door', payload '{"battery":100,"battery_low":false,"contact":false,"linkquality":192,"update":{"installed_version":8704,"latest_version":8704,"state":"idle"},"update_available":false,"voltage":3000}'
[2026-05-05 12:09:56] info: 	z2m:mqtt: MQTT publish: topic 'zigbee2mqtt/front_door', payload '{"battery":100,"battery_low":false,"contact":true,"linkquality":255,"update":{"installed_version":8704,"latest_version":8704,"state":"idle"},"update_available":false,"voltage":3000}'
[2026-05-05 12:09:58] info: 	z2m:mqtt: MQTT publish: topic 'zigbee2mqtt/front_door', payload '{"battery":100,"battery_low":false,"contact":false,"linkquality":244,"update":{"installed_version":8704,"latest_version":8704,"state":"idle"},"update_available":false,"voltage":3000}'
[2026-05-05 12:10:00] info: 	z2m:mqtt: MQTT publish: topic 'zigbee2mqtt/front_door', payload '{"battery":100,"battery_low":false,"contact":true,"linkquality":252,"update":{"installed_version":8704,"latest_version":8704,"state":"idle"},"update_available":false,"voltage":3000}'
[2026-05-05 12:10:02] info: 	z2m:mqtt: MQTT publish: topic 'zigbee2mqtt/front_door', payload '{"battery":100,"battery_low":false,"contact":false,"linkquality":252,"update":{"installed_version":8704,"latest_version":8704,"state":"idle"},"update_available":false,"voltage":3000}'
[2026-05-05 12:10:02] info: 	z2m:mqtt: MQTT publish: topic 'zigbee2mqtt/front_door', payload '{"battery":100,"battery_low":false,"contact":true,"linkquality":255,"update":{"installed_version":8704,"latest_version":8704,"state":"idle"},"update_available":false,"voltage":3000}'
[2026-05-05 12:10:05] info: 	z2m:mqtt: MQTT publish: topic 'zigbee2mqtt/front_door', payload '{"battery":100,"battery_low":false,"contact":false,"linkquality":252,"update":{"installed_version":8704,"latest_version":8704,"state":"idle"},"update_available":false,"voltage":3000}'
[2026-05-05 12:10:05] info: 	z2m:mqtt: MQTT publish: topic 'zigbee2mqtt/front_door', payload '{"battery":100,"battery_low":false,"contact":true,"linkquality":255,"update":{"installed_version":8704,"latest_version":8704,"state":"idle"},"update_available":false,"voltage":3000}'
[2026-05-05 12:10:08] info: 	z2m:mqtt: MQTT publish: topic 'zigbee2mqtt/front_door', payload '{"battery":100,"battery_low":false,"contact":false,"linkquality":255,"update":{"installed_version":8704,"latest_version":8704,"state":"idle"},"update_available":false,"voltage":3000}'
[2026-05-05 12:10:08] info: 	z2m:mqtt: MQTT publish: topic 'zigbee2mqtt/front_door', payload '{"battery":100,"battery_low":false,"contact":true,"linkquality":255,"update":{"installed_version":8704,"latest_version":8704,"state":"idle"},"update_available":false,"voltage":3000}'
[2026-05-05 12:10:12] info: 	z2m:mqtt: MQTT publish: topic 'zigbee2mqtt/front_door', payload '{"battery":100,"battery_low":false,"contact":false,"linkquality":255,"update":{"installed_version":8704,"latest_version":8704,"state":"idle"},"update_available":false,"voltage":3000}'
[2026-05-05 12:10:14] info: 	z2m:mqtt: MQTT publish: topic 'zigbee2mqtt/front_door', payload '{"battery":100,"battery_low":false,"contact":true,"linkquality":255,"update":{"installed_version":8704,"latest_version":8704,"state":"idle"},"update_available":false,"voltage":3000}'
[2026-05-05 12:10:20] info: 	z2m:mqtt: MQTT publish: topic 'zigbee2mqtt/front_door', payload '{"battery":100,"battery_low":false,"contact":true,"linkquality":240,"tamper":false,"update":{"installed_version":8704,"latest_version":8704,"state":"idle"},"update_available":false,"voltage":3000}'
[2026-05-05 12:10:21] info: 	z2m:mqtt: MQTT publish: topic 'zigbee2mqtt/front_door', payload '{"battery":100,"battery_low":false,"contact":true,"linkquality":248,"tamper":true,"update":{"installed_version":8704,"latest_version":8704,"state":"idle"},"update_available":false,"voltage":3000}'
[2026-05-05 12:10:22] info: 	z2m:mqtt: MQTT publish: topic 'zigbee2mqtt/front_door', payload '{"battery":100,"battery_low":false,"contact":false,"linkquality":252,"tamper":true,"update":{"installed_version":8704,"latest_version":8704,"state":"idle"},"update_available":false,"voltage":3000}'
[2026-05-05 12:10:22] info: 	z2m:mqtt: MQTT publish: topic 'zigbee2mqtt/front_door', payload '{"battery":100,"battery_low":false,"contact":true,"linkquality":252,"tamper":true,"update":{"installed_version":8704,"latest_version":8704,"state":"idle"},"update_available":false,"voltage":3000}'
[2026-05-05 12:10:25] info: 	z2m:mqtt: MQTT publish: topic 'zigbee2mqtt/front_door', payload '{"battery":100,"battery_low":false,"contact":false,"linkquality":255,"tamper":true,"update":{"installed_version":8704,"latest_version":8704,"state":"idle"},"update_available":false,"voltage":3000}'
[2026-05-05 12:16:49] info: 	z2m:mqtt: MQTT publish: topic 'zigbee2mqtt/front_door', payload '{"battery":100,"battery_low":false,"contact":true,"linkquality":228,"tamper":true,"update":{"installed_version":8704,"latest_version":8704,"state":"idle"},"update_available":false,"voltage":3000}'
[2026-05-05 12:16:49] info: 	z2m:mqtt: MQTT publish: topic 'zigbee2mqtt/front_door', payload '{"battery":100,"battery_low":false,"contact":false,"linkquality":252,"tamper":true,"update":{"installed_version":8704,"latest_version":8704,"state":"idle"},"update_available":false,"voltage":3000}'
[2026-05-05 12:16:49] info: 	z2m:mqtt: MQTT publish: topic 'zigbee2mqtt/front_door', payload '{"battery":100,"battery_low":false,"contact":true,"linkquality":248,"tamper":true,"update":{"installed_version":8704,"latest_version":8704,"state":"idle"},"update_available":false,"voltage":3000}'
