[2026-05-05 11:02:46] info: 	z2m: Logging to console, file (filename: log.log)
[2026-05-05 11:02:47] info: 	z2m: Starting Zigbee2MQTT version 1.42.0 (commit #861cba6)
[2026-05-05 11:02:47] info: 	z2m: Starting zigbee-herdsman (2.1.9)
[2026-05-05 11:03:00] warning: 	zh:ezsp: 'ezsp' driver is deprecated and will only remain to provide support for older firmware (pre 7.4.x). Migration to 'ember' is recommended. If using Zigbee2MQTT see https://github.com/Koenkk/zigbee2mqtt/discussions/21462
[2026-05-05 11:03:00] error: 	zh:ezsp:ezsp: Connection attempt 1 error: Error: Error Resource temporarily unavailable Cannot lock port
[2026-05-05 11:03:15] error: 	zh:ezsp:uart: --> Error: Error: {"sequence":-1} after 10000ms
[2026-05-05 11:03:15] error: 	zh:ezsp:ezsp: Connection attempt 2 error: Error: Failure to connect
[2026-05-05 11:03:25] error: 	zh:ezsp:ezsp: Connection attempt 3 error: Error: Error Resource temporarily unavailable Cannot lock port
[2026-05-05 11:03:50] error: 	zh:ezsp:uart: --> Error: Error: {"sequence":-1} after 10000ms
[2026-05-05 11:03:50] error: 	zh:ezsp:ezsp: Connection attempt 4 error: Error: Failure to connect
[2026-05-05 11:03:50] error: 	z2m: Error while starting zigbee-herdsman
[2026-05-05 11:03:50] error: 	z2m: Failed to start zigbee
[2026-05-05 11:03:50] error: 	z2m: Check https://www.zigbee2mqtt.io/guide/installation/20_zigbee2mqtt-fails-to-start.html for possible solutions
[2026-05-05 11:03:50] error: 	z2m: Exiting...
[2026-05-05 11:03:54] error: 	z2m: Error: Failure to connect
    at Ezsp.connect (/home/hemlarm/zigbee2mqtt/node_modules/zigbee-herdsman/src/adapter/ezsp/driver/ezsp.ts:364:19)
    at Driver.startup (/home/hemlarm/zigbee2mqtt/node_modules/zigbee-herdsman/src/adapter/ezsp/driver/driver.ts:186:13)
    at EZSPAdapter.start (/home/hemlarm/zigbee2mqtt/node_modules/zigbee-herdsman/src/adapter/ezsp/adapter/ezspAdapter.ts:152:16)
    at Controller.start (/home/hemlarm/zigbee2mqtt/node_modules/zigbee-herdsman/src/controller/controller.ts:137:29)
    at Zigbee.start (/home/hemlarm/zigbee2mqtt/lib/zigbee.ts:69:27)
    at Controller.start (/home/hemlarm/zigbee2mqtt/lib/controller.ts:161:27)
    at start (/home/hemlarm/zigbee2mqtt/index.js:154:5)
