[2026-05-05 13:02:08] info: 	z2m: Logging to console, file (filename: log.log)
[2026-05-05 13:02:09] info: 	z2m: Starting Zigbee2MQTT version 1.42.0 (commit #861cba6)
[2026-05-05 13:02:09] info: 	z2m: Starting zigbee-herdsman (2.1.9)
[2026-05-05 13:02:19] warning: 	zh:ezsp: 'ezsp' driver is deprecated and will only remain to provide support for older firmware (pre 7.4.x). Migration to 'ember' is recommended. If using Zigbee2MQTT see https://github.com/Koenkk/zigbee2mqtt/discussions/21462
[2026-05-05 13:02:27] info: 	z2m: zigbee-herdsman started (resumed)
[2026-05-05 13:02:27] info: 	z2m: Coordinator firmware version: '{"meta":{"maintrel":"3 ","majorrel":"6","minorrel":"10","product":8,"revision":"6.10.3.0 build 297"},"type":"EZSP v8"}'
[2026-05-05 13:02:27] info: 	z2m: front_door (0x449fdafffe750fcf): SNZB-04P - SONOFF Contact sensor (EndDevice)
[2026-05-05 13:02:27] info: 	z2m: Currently 1 devices are joined.
[2026-05-05 13:02:27] warning: 	z2m: `permit_join` set to  `true` in configuration.yaml.
[2026-05-05 13:02:27] warning: 	z2m: Allowing new devices to join.
[2026-05-05 13:02:27] warning: 	z2m: Set `permit_join` to `false` once you joined all devices.
[2026-05-05 13:02:27] info: 	z2m: Zigbee: allowing new devices to join.
[2026-05-05 13:02:28] info: 	z2m: Connecting to MQTT server at mqtt://localhost:1883
[2026-05-05 13:02:33] info: 	z2m: Connected to MQTT server
[2026-05-05 13:02:33] info: 	z2m:mqtt: MQTT publish: topic 'zigbee2mqtt/bridge/state', payload 'online'
[2026-05-05 13:02:39] info: 	z2m: Started frontend on port 0.0.0.0:8080
[2026-05-05 13:02:39] error: 	zh:ezsp:uart: --> Error: Error: {"sequence":0} after 4000ms
[2026-05-05 13:02:39] error: 	zh:ezsp:uart: -!- break waiting (0)
[2026-05-05 13:02:39] error: 	zh:ezsp:uart: Can't send DATA frame (7,4,0): 2f0001640006fdff0100
[2026-05-05 13:02:39] info: 	z2m:mqtt: MQTT publish: topic 'zigbee2mqtt/bridge/config', payload '{"commit":"861cba6","coordinator":{"meta":{"maintrel":"3 ","majorrel":"6","minorrel":"10","product":8,"revision":"6.10.3.0 build 297"},"type":"EZSP v8"},"log_level":"info","network":{"channel":11,"extendedPanID":221,"panID":6754},"permit_join":true,"version":"1.42.0"}'
[2026-05-05 13:02:40] info: 	z2m:mqtt: MQTT publish: topic 'zigbee2mqtt/front_door', payload '{"battery":100,"battery_low":false,"contact":true,"tamper":true,"update":{"installed_version":8704,"latest_version":8704,"state":"idle"},"update_available":false,"voltage":3000}'
[2026-05-05 13:02:40] info: 	z2m: Zigbee2MQTT started!
[2026-05-05 13:02:40] error: 	zh:ezsp:uart: --> Error: Error: Recv NAK frame
[2026-05-05 13:02:40] error: 	zh:ezsp:uart: -!- break rewaiting (0)
[2026-05-05 13:02:40] error: 	zh:ezsp:uart: Can't resend DATA frame (7,4,1): 2f0001640006fdff0100
[2026-05-05 13:02:42] error: 	zh:ezsp:cast: No more available slots MulticastId subscription (Error: Failure send setMulticastTableEntry:{"type":"Buffer","data":[47,0,1,100,0,6,253,255,1,0]}
    at /home/hemlarm/zigbee2mqtt/node_modules/zigbee-herdsman/src/adapter/ezsp/driver/ezsp.ts:679:23
    at Queue.execute (/home/hemlarm/zigbee2mqtt/node_modules/zigbee-herdsman/src/utils/queue.ts:36:20)
    at Ezsp.execCommand (/home/hemlarm/zigbee2mqtt/node_modules/zigbee-herdsman/src/adapter/ezsp/driver/ezsp.ts:666:16)
    at Ezsp.setMulticastTableEntry (/home/hemlarm/zigbee2mqtt/node_modules/zigbee-herdsman/src/adapter/ezsp/driver/ezsp.ts:541:21)
    at Multicast.subscribe (/home/hemlarm/zigbee2mqtt/node_modules/zigbee-herdsman/src/adapter/ezsp/driver/multicast.ts:61:28))
[2026-05-05 13:02:50] info: 	z2m:mqtt: MQTT publish: topic 'zigbee2mqtt/front_door', payload '{"battery":100,"battery_low":false,"contact":true,"linkquality":255,"tamper":false,"update":{"installed_version":8704,"latest_version":8704,"state":"idle"},"update_available":false,"voltage":3000}'
[2026-05-05 13:02:50] info: 	z2m:mqtt: MQTT publish: topic 'zigbee2mqtt/front_door', payload '{"battery":100,"battery_low":false,"contact":true,"linkquality":255,"tamper":true,"update":{"installed_version":8704,"latest_version":8704,"state":"idle"},"update_available":false,"voltage":3000}'
[2026-05-05 13:02:57] info: 	z2m:mqtt: MQTT publish: topic 'zigbee2mqtt/front_door', payload '{"battery":100,"battery_low":false,"contact":false,"linkquality":255,"tamper":true,"update":{"installed_version":8704,"latest_version":8704,"state":"idle"},"update_available":false,"voltage":3000}'
[2026-05-05 13:03:02] info: 	z2m:mqtt: MQTT publish: topic 'zigbee2mqtt/front_door', payload '{"battery":100,"battery_low":false,"contact":true,"linkquality":255,"tamper":true,"update":{"installed_version":8704,"latest_version":8704,"state":"idle"},"update_available":false,"voltage":3000}'
[2026-05-05 13:05:02] info: 	z2m:mqtt: MQTT publish: topic 'zigbee2mqtt/front_door', payload '{"battery":100,"battery_low":false,"contact":true,"linkquality":255,"tamper":false,"update":{"installed_version":8704,"latest_version":8704,"state":"idle"},"update_available":false,"voltage":3000}'
[2026-05-05 13:05:02] info: 	z2m:mqtt: MQTT publish: topic 'zigbee2mqtt/front_door', payload '{"battery":100,"battery_low":false,"contact":false,"linkquality":255,"tamper":false,"update":{"installed_version":8704,"latest_version":8704,"state":"idle"},"update_available":false,"voltage":3000}'
[2026-05-05 13:05:02] info: 	z2m:mqtt: MQTT publish: topic 'zigbee2mqtt/front_door', payload '{"battery":100,"battery_low":false,"contact":true,"linkquality":255,"tamper":false,"update":{"installed_version":8704,"latest_version":8704,"state":"idle"},"update_available":false,"voltage":3000}'
[2026-05-05 13:05:02] info: 	z2m:mqtt: MQTT publish: topic 'zigbee2mqtt/front_door', payload '{"battery":100,"battery_low":false,"contact":false,"linkquality":255,"tamper":false,"update":{"installed_version":8704,"latest_version":8704,"state":"idle"},"update_available":false,"voltage":3000}'
[2026-05-05 13:05:02] info: 	z2m:mqtt: MQTT publish: topic 'zigbee2mqtt/front_door', payload '{"battery":100,"battery_low":false,"contact":true,"linkquality":255,"tamper":false,"update":{"installed_version":8704,"latest_version":8704,"state":"idle"},"update_available":false,"voltage":3000}'
[2026-05-05 13:05:02] info: 	z2m:mqtt: MQTT publish: topic 'zigbee2mqtt/front_door', payload '{"battery":100,"battery_low":false,"contact":true,"linkquality":255,"tamper":true,"update":{"installed_version":8704,"latest_version":8704,"state":"idle"},"update_available":false,"voltage":3000}'
[2026-05-05 13:05:03] info: 	z2m:mqtt: MQTT publish: topic 'zigbee2mqtt/front_door', payload '{"battery":100,"battery_low":false,"contact":false,"linkquality":255,"tamper":true,"update":{"installed_version":8704,"latest_version":8704,"state":"idle"},"update_available":false,"voltage":3000}'
[2026-05-05 13:05:03] info: 	z2m:mqtt: MQTT publish: topic 'zigbee2mqtt/front_door', payload '{"battery":100,"battery_low":false,"contact":true,"linkquality":255,"tamper":true,"update":{"installed_version":8704,"latest_version":8704,"state":"idle"},"update_available":false,"voltage":3000}'
[2026-05-05 13:05:08] info: 	z2m:mqtt: MQTT publish: topic 'zigbee2mqtt/front_door', payload '{"battery":100,"battery_low":false,"contact":false,"linkquality":255,"tamper":true,"update":{"installed_version":8704,"latest_version":8704,"state":"idle"},"update_available":false,"voltage":3000}'
[2026-05-05 13:05:12] info: 	z2m:mqtt: MQTT publish: topic 'zigbee2mqtt/front_door', payload '{"battery":100,"battery_low":false,"contact":true,"linkquality":255,"tamper":true,"update":{"installed_version":8704,"latest_version":8704,"state":"idle"},"update_available":false,"voltage":3000}'
[2026-05-05 13:05:15] info: 	z2m:mqtt: MQTT publish: topic 'zigbee2mqtt/front_door', payload '{"battery":100,"battery_low":false,"contact":false,"linkquality":255,"tamper":true,"update":{"installed_version":8704,"latest_version":8704,"state":"idle"},"update_available":false,"voltage":3000}'
[2026-05-05 13:05:16] info: 	z2m:mqtt: MQTT publish: topic 'zigbee2mqtt/front_door', payload '{"battery":100,"battery_low":false,"contact":true,"linkquality":255,"tamper":true,"update":{"installed_version":8704,"latest_version":8704,"state":"idle"},"update_available":false,"voltage":3000}'
[2026-05-05 13:05:20] info: 	z2m:mqtt: MQTT publish: topic 'zigbee2mqtt/front_door', payload '{"battery":100,"battery_low":false,"contact":false,"linkquality":255,"tamper":true,"update":{"installed_version":8704,"latest_version":8704,"state":"idle"},"update_available":false,"voltage":3000}'
[2026-05-05 13:05:20] info: 	z2m:mqtt: MQTT publish: topic 'zigbee2mqtt/front_door', payload '{"battery":100,"battery_low":false,"contact":true,"linkquality":255,"tamper":true,"update":{"installed_version":8704,"latest_version":8704,"state":"idle"},"update_available":false,"voltage":3000}'
[2026-05-05 13:05:20] info: 	z2m:mqtt: MQTT publish: topic 'zigbee2mqtt/front_door', payload '{"battery":100,"battery_low":false,"contact":false,"linkquality":255,"tamper":true,"update":{"installed_version":8704,"latest_version":8704,"state":"idle"},"update_available":false,"voltage":3000}'
[2026-05-05 13:05:22] info: 	z2m:mqtt: MQTT publish: topic 'zigbee2mqtt/front_door', payload '{"battery":100,"battery_low":false,"contact":true,"linkquality":255,"tamper":true,"update":{"installed_version":8704,"latest_version":8704,"state":"idle"},"update_available":false,"voltage":3000}'
[2026-05-05 13:05:22] info: 	z2m:mqtt: MQTT publish: topic 'zigbee2mqtt/front_door', payload '{"battery":100,"battery_low":false,"contact":true,"linkquality":255,"tamper":false,"update":{"installed_version":8704,"latest_version":8704,"state":"idle"},"update_available":false,"voltage":3000}'
[2026-05-05 13:05:22] info: 	z2m:mqtt: MQTT publish: topic 'zigbee2mqtt/front_door', payload '{"battery":100,"battery_low":false,"contact":true,"linkquality":255,"tamper":true,"update":{"installed_version":8704,"latest_version":8704,"state":"idle"},"update_available":false,"voltage":3000}'
[2026-05-05 13:08:03] info: 	z2m:mqtt: MQTT publish: topic 'zigbee2mqtt/front_door', payload '{"battery":100,"battery_low":false,"contact":true,"linkquality":255,"tamper":true,"update":{"installed_version":8704,"latest_version":8704,"state":"idle"},"update_available":false,"voltage":3000}'
[2026-05-05 13:08:03] info: 	z2m:mqtt: MQTT publish: topic 'zigbee2mqtt/front_door', payload '{"battery":100,"battery_low":false,"contact":true,"linkquality":255,"tamper":true,"update":{"installed_version":8704,"latest_version":8704,"state":"idle"},"update_available":false,"voltage":3000}'
